[debug] [2026-05-29T19:23:41.710Z] ----------------------------------------------------------------------
[debug] [2026-05-29T19:23:41.711Z] Command:       C:\Program Files\nodejs\node.exe C:\Users\danie\AppData\Roaming\npm\node_modules\firebase-tools\lib\bin\firebase.js functions:secrets:set YOUTUBE_API_KEY --force
[debug] [2026-05-29T19:23:41.712Z] CLI Version:   15.19.0
[debug] [2026-05-29T19:23:41.712Z] Platform:      win32
[debug] [2026-05-29T19:23:41.712Z] Node Version:  v25.2.1
[debug] [2026-05-29T19:23:41.712Z] Time:          Fri May 29 2026 19:23:41 GMT+0000 (Greenwich Mean Time)
[debug] [2026-05-29T19:23:41.712Z] ----------------------------------------------------------------------
[debug] 
[debug] [2026-05-29T19:23:41.866Z] > command requires scopes: ["email","openid","https://www.googleapis.com/auth/cloudplatformprojects.readonly","https://www.googleapis.com/auth/firebase","https://www.googleapis.com/auth/cloud-platform"]
[debug] [2026-05-29T19:23:41.867Z] > authorizing via signed-in user (oforilexy@gmail.com)
[debug] [2026-05-29T19:23:41.869Z] Checked if tokens are valid: true, expires at: 1780085176578
[debug] [2026-05-29T19:23:41.870Z] Checked if tokens are valid: true, expires at: 1780085176578
[debug] [2026-05-29T19:23:41.870Z] >>> [apiv2][query] GET https://serviceusage.googleapis.com/v1/projects/sonicstream-radio-2026/services/secretmanager.googleapis.com [none]
[debug] [2026-05-29T19:23:41.870Z] >>> [apiv2][(partial)header] GET https://serviceusage.googleapis.com/v1/projects/sonicstream-radio-2026/services/secretmanager.googleapis.com  x-goog-user-project=sonicstream-radio-2026
[debug] [2026-05-29T19:23:43.454Z] <<< [apiv2][status] GET https://serviceusage.googleapis.com/v1/projects/sonicstream-radio-2026/services/secretmanager.googleapis.com 200
[debug] [2026-05-29T19:23:43.454Z] <<< [apiv2][body] GET https://serviceusage.googleapis.com/v1/projects/sonicstream-radio-2026/services/secretmanager.googleapis.com [omitted]
[debug] [2026-05-29T19:23:43.461Z] > command requires scopes: ["email","openid","https://www.googleapis.com/auth/cloudplatformprojects.readonly","https://www.googleapis.com/auth/firebase","https://www.googleapis.com/auth/cloud-platform"]
[debug] [2026-05-29T19:23:43.461Z] > authorizing via signed-in user (oforilexy@gmail.com)
[debug] [2026-05-29T19:23:43.461Z] [iam] checking project sonicstream-radio-2026 for permissions ["firebase.projects.get","secretmanager.secrets.create","secretmanager.secrets.get","secretmanager.secrets.update","secretmanager.versions.add"]
[debug] [2026-05-29T19:23:43.462Z] Checked if tokens are valid: true, expires at: 1780085176578
[debug] [2026-05-29T19:23:43.462Z] Checked if tokens are valid: true, expires at: 1780085176578
[debug] [2026-05-29T19:23:43.462Z] >>> [apiv2][query] POST https://cloudresourcemanager.googleapis.com/v1/projects/sonicstream-radio-2026:testIamPermissions [none]
[debug] [2026-05-29T19:23:43.462Z] >>> [apiv2][(partial)header] POST https://cloudresourcemanager.googleapis.com/v1/projects/sonicstream-radio-2026:testIamPermissions  x-goog-user-project=sonicstream-radio-2026
[debug] [2026-05-29T19:23:43.462Z] >>> [apiv2][body] POST https://cloudresourcemanager.googleapis.com/v1/projects/sonicstream-radio-2026:testIamPermissions {"permissions":["firebase.projects.get","secretmanager.secrets.create","secretmanager.secrets.get","secretmanager.secrets.update","secretmanager.versions.add"]}
[debug] [2026-05-29T19:23:51.647Z] <<< [apiv2][status] POST https://cloudresourcemanager.googleapis.com/v1/projects/sonicstream-radio-2026:testIamPermissions 200
[debug] [2026-05-29T19:23:51.647Z] <<< [apiv2][body] POST https://cloudresourcemanager.googleapis.com/v1/projects/sonicstream-radio-2026:testIamPermissions {"permissions":["firebase.projects.get","secretmanager.secrets.create","secretmanager.secrets.get","secretmanager.secrets.update","secretmanager.versions.add"]}
[debug] [2026-05-29T19:23:51.648Z] Checked if tokens are valid: true, expires at: 1780085176578
[debug] [2026-05-29T19:23:51.648Z] Checked if tokens are valid: true, expires at: 1780085176578
[debug] [2026-05-29T19:23:51.648Z] >>> [apiv2][query] GET https://cloudresourcemanager.googleapis.com/v1/projects/sonicstream-radio-2026 [none]
[debug] [2026-05-29T19:23:56.358Z] <<< [apiv2][status] GET https://cloudresourcemanager.googleapis.com/v1/projects/sonicstream-radio-2026 200
[debug] [2026-05-29T19:23:56.359Z] <<< [apiv2][body] GET https://cloudresourcemanager.googleapis.com/v1/projects/sonicstream-radio-2026 {"projectNumber":"574457685127","projectId":"sonicstream-radio-2026","lifecycleState":"ACTIVE","name":"SonicStream","labels":{"firebase":"enabled","firebase-core":"disabled"},"createTime":"2026-05-22T05:17:56.266Z"}
[debug] [2026-05-29T19:23:56.361Z] Checked if tokens are valid: true, expires at: 1780085176578
[debug] [2026-05-29T19:23:56.361Z] Checked if tokens are valid: true, expires at: 1780085176578
[debug] [2026-05-29T19:23:56.362Z] >>> [apiv2][query] GET https://secretmanager.googleapis.com/v1/projects/sonicstream-radio-2026/secrets/YOUTUBE_API_KEY [none]
[debug] [2026-05-29T19:24:20.301Z] <<< [apiv2][status] GET https://secretmanager.googleapis.com/v1/projects/sonicstream-radio-2026/secrets/YOUTUBE_API_KEY 404
[debug] [2026-05-29T19:24:20.302Z] <<< [apiv2][body] GET https://secretmanager.googleapis.com/v1/projects/sonicstream-radio-2026/secrets/YOUTUBE_API_KEY {"error":{"code":404,"message":"Secret [projects/574457685127/secrets/YOUTUBE_API_KEY] not found.","status":"NOT_FOUND"}}
[debug] [2026-05-29T19:24:20.303Z] Checked if tokens are valid: true, expires at: 1780085176578
[debug] [2026-05-29T19:24:20.303Z] Checked if tokens are valid: true, expires at: 1780085176578
[debug] [2026-05-29T19:24:20.304Z] >>> [apiv2][query] POST https://secretmanager.googleapis.com/v1/projects/sonicstream-radio-2026/secrets secretId=YOUTUBE_API_KEY
[debug] [2026-05-29T19:24:20.305Z] >>> [apiv2][body] POST https://secretmanager.googleapis.com/v1/projects/sonicstream-radio-2026/secrets {"name":"YOUTUBE_API_KEY","replication":{"automatic":{}},"labels":{"firebase-managed":"functions"}}
[debug] [2026-05-29T19:24:21.309Z] <<< [apiv2][status] POST https://secretmanager.googleapis.com/v1/projects/sonicstream-radio-2026/secrets 200
